{"C:\\Code_H2023\\LOG2440\\Labos\\tp5-2152067-2104683-2180845\\server\\services\\database.service.js": {"path":"C:\\Code_H2023\\LOG2440\\Labos\\tp5-2152067-2104683-2180845\\server\\services\\database.service.js","statementMap":{"0":{"start":{"line":1,"column":24},"end":{"line":1,"column":42}},"1":{"start":{"line":2,"column":18},"end":{"line":2,"column":41}},"2":{"start":{"line":11,"column":4},"end":{"line":21,"column":5}},"3":{"start":{"line":12,"column":20},"end":{"line":12,"column":79}},"4":{"start":{"line":13,"column":6},"end":{"line":17,"column":7}},"5":{"start":{"line":15,"column":8},"end":{"line":15,"column":66}},"6":{"start":{"line":16,"column":8},"end":{"line":16,"column":54}},"7":{"start":{"line":20,"column":5},"end":{"line":20,"column":24}},"8":{"start":{"line":26,"column":4},"end":{"line":38,"column":5}},"9":{"start":{"line":27,"column":6},"end":{"line":30,"column":9}},"10":{"start":{"line":31,"column":6},"end":{"line":31,"column":34}},"11":{"start":{"line":32,"column":6},"end":{"line":32,"column":48}},"12":{"start":{"line":34,"column":6},"end":{"line":34,"column":56}},"13":{"start":{"line":37,"column":6},"end":{"line":37,"column":25}},"14":{"start":{"line":42,"column":18},"end":{"line":42,"column":39}},"15":{"start":{"line":44,"column":0},"end":{"line":44,"column":31}}},"fnMap":{"0":{"name":"(anonymous_0)","decl":{"start":{"line":10,"column":2},"end":{"line":10,"column":3}},"loc":{"start":{"line":10,"column":42},"end":{"line":22,"column":3}},"line":10},"1":{"name":"(anonymous_1)","decl":{"start":{"line":25,"column":2},"end":{"line":25,"column":3}},"loc":{"start":{"line":25,"column":30},"end":{"line":39,"column":3}},"line":25}},"branchMap":{"0":{"loc":{"start":{"line":13,"column":6},"end":{"line":17,"column":7}},"type":"if","locations":[{"start":{"line":13,"column":6},"end":{"line":17,"column":7}},{"start":{},"end":{}}],"line":13}},"s":{"0":4,"1":4,"2":2,"3":2,"4":2,"5":1,"6":1,"7":0,"8":30,"9":30,"10":29,"11":29,"12":29,"13":1,"14":4,"15":4},"f":{"0":2,"1":30},"b":{"0":[1,1]},"_coverageSchema":"1a1c01bbd47fc00a2c39e90264f33305004495a9","hash":"3476c0c3f7945be3e5c53d26c74cdb4cc396b254"}
,"C:\\Code_H2023\\LOG2440\\Labos\\tp5-2152067-2104683-2180845\\server\\services\\file_system_manager.js": {"path":"C:\\Code_H2023\\LOG2440\\Labos\\tp5-2152067-2104683-2180845\\server\\services\\file_system_manager.js","statementMap":{"0":{"start":{"line":1,"column":11},"end":{"line":1,"column":24}},"1":{"start":{"line":10,"column":4},"end":{"line":10,"column":44}},"2":{"start":{"line":14,"column":0},"end":{"line":14,"column":39}}},"fnMap":{"0":{"name":"(anonymous_0)","decl":{"start":{"line":9,"column":2},"end":{"line":9,"column":3}},"loc":{"start":{"line":9,"column":24},"end":{"line":11,"column":3}},"line":9}},"branchMap":{},"s":{"0":3,"1":2,"2":3},"f":{"0":2},"b":{},"_coverageSchema":"1a1c01bbd47fc00a2c39e90264f33305004495a9","hash":"de95ed52cc8673d2f1795ca50def8102583375ef"}
,"C:\\Code_H2023\\LOG2440\\Labos\\tp5-2152067-2104683-2180845\\server\\services\\playlist.service.js": {"path":"C:\\Code_H2023\\LOG2440\\Labos\\tp5-2152067-2104683-2180845\\server\\services\\playlist.service.js","statementMap":{"0":{"start":{"line":1,"column":30},"end":{"line":1,"column":62}},"1":{"start":{"line":2,"column":22},"end":{"line":2,"column":51}},"2":{"start":{"line":3,"column":18},"end":{"line":3,"column":41}},"3":{"start":{"line":4,"column":13},"end":{"line":4,"column":28}},"4":{"start":{"line":5,"column":23},"end":{"line":5,"column":40}},"5":{"start":{"line":6,"column":11},"end":{"line":6,"column":24}},"6":{"start":{"line":10,"column":4},"end":{"line":10,"column":72}},"7":{"start":{"line":11,"column":4},"end":{"line":11,"column":53}},"8":{"start":{"line":12,"column":4},"end":{"line":12,"column":31}},"9":{"start":{"line":16,"column":4},"end":{"line":16,"column":75}},"10":{"start":{"line":25,"column":22},"end":{"line":25,"column":62}},"11":{"start":{"line":26,"column":4},"end":{"line":26,"column":21}},"12":{"start":{"line":36,"column":4},"end":{"line":36,"column":49}},"13":{"start":{"line":46,"column":4},"end":{"line":46,"column":31}},"14":{"start":{"line":47,"column":4},"end":{"line":47,"column":47}},"15":{"start":{"line":48,"column":4},"end":{"line":54,"column":5}},"16":{"start":{"line":49,"column":6},"end":{"line":49,"column":48}},"17":{"start":{"line":50,"column":6},"end":{"line":50,"column":43}},"18":{"start":{"line":53,"column":5},"end":{"line":53,"column":24}},"19":{"start":{"line":55,"column":4},"end":{"line":55,"column":20}},"20":{"start":{"line":64,"column":4},"end":{"line":64,"column":24}},"21":{"start":{"line":65,"column":4},"end":{"line":65,"column":47}},"22":{"start":{"line":66,"column":4},"end":{"line":74,"column":5}},"23":{"start":{"line":67,"column":21},"end":{"line":67,"column":39}},"24":{"start":{"line":68,"column":21},"end":{"line":68,"column":37}},"25":{"start":{"line":69,"column":6},"end":{"line":69,"column":54}},"26":{"start":{"line":70,"column":6},"end":{"line":70,"column":51}},"27":{"start":{"line":73,"column":5},"end":{"line":73,"column":24}},"28":{"start":{"line":83,"column":4},"end":{"line":93,"column":5}},"29":{"start":{"line":84,"column":6},"end":{"line":84,"column":20}},"30":{"start":{"line":85,"column":11},"end":{"line":93,"column":5}},"31":{"start":{"line":86,"column":6},"end":{"line":86,"column":19}},"32":{"start":{"line":87,"column":11},"end":{"line":93,"column":5}},"33":{"start":{"line":88,"column":6},"end":{"line":88,"column":19}},"34":{"start":{"line":89,"column":11},"end":{"line":93,"column":5}},"35":{"start":{"line":90,"column":6},"end":{"line":90,"column":19}},"36":{"start":{"line":92,"column":6},"end":{"line":92,"column":46}},"37":{"start":{"line":101,"column":16},"end":{"line":101,"column":62}},"38":{"start":{"line":102,"column":4},"end":{"line":105,"column":5}},"39":{"start":{"line":103,"column":20},"end":{"line":103,"column":39}},"40":{"start":{"line":104,"column":6},"end":{"line":104,"column":48}},"41":{"start":{"line":106,"column":4},"end":{"line":106,"column":30}},"42":{"start":{"line":115,"column":4},"end":{"line":115,"column":40}},"43":{"start":{"line":123,"column":23},"end":{"line":123,"column":74}},"44":{"start":{"line":124,"column":26},"end":{"line":124,"column":92}},"45":{"start":{"line":125,"column":30},"end":{"line":125,"column":71}},"46":{"start":{"line":126,"column":21},"end":{"line":126,"column":91}},"47":{"start":{"line":127,"column":4},"end":{"line":127,"column":81}},"48":{"start":{"line":128,"column":4},"end":{"line":128,"column":43}},"49":{"start":{"line":142,"column":26},"end":{"line":142,"column":42}},"50":{"start":{"line":143,"column":19},"end":{"line":145,"column":18}},"51":{"start":{"line":146,"column":22},"end":{"line":146,"column":75}},"52":{"start":{"line":147,"column":4},"end":{"line":147,"column":21}},"53":{"start":{"line":151,"column":22},"end":{"line":151,"column":97}},"54":{"start":{"line":152,"column":4},"end":{"line":152,"column":82}},"55":{"start":{"line":155,"column":0},"end":{"line":155,"column":37}}},"fnMap":{"0":{"name":"(anonymous_0)","decl":{"start":{"line":9,"column":2},"end":{"line":9,"column":3}},"loc":{"start":{"line":9,"column":17},"end":{"line":13,"column":3}},"line":9},"1":{"name":"(anonymous_1)","decl":{"start":{"line":15,"column":2},"end":{"line":15,"column":3}},"loc":{"start":{"line":15,"column":20},"end":{"line":17,"column":3}},"line":15},"2":{"name":"(anonymous_2)","decl":{"start":{"line":24,"column":2},"end":{"line":24,"column":3}},"loc":{"start":{"line":24,"column":27},"end":{"line":27,"column":3}},"line":24},"3":{"name":"(anonymous_3)","decl":{"start":{"line":35,"column":2},"end":{"line":35,"column":3}},"loc":{"start":{"line":35,"column":29},"end":{"line":37,"column":3}},"line":35},"4":{"name":"(anonymous_4)","decl":{"start":{"line":45,"column":2},"end":{"line":45,"column":3}},"loc":{"start":{"line":45,"column":31},"end":{"line":56,"column":3}},"line":45},"5":{"name":"(anonymous_5)","decl":{"start":{"line":63,"column":2},"end":{"line":63,"column":3}},"loc":{"start":{"line":63,"column":34},"end":{"line":75,"column":3}},"line":63},"6":{"name":"(anonymous_6)","decl":{"start":{"line":82,"column":2},"end":{"line":82,"column":3}},"loc":{"start":{"line":82,"column":39},"end":{"line":94,"column":3}},"line":82},"7":{"name":"(anonymous_7)","decl":{"start":{"line":100,"column":2},"end":{"line":100,"column":3}},"loc":{"start":{"line":100,"column":28},"end":{"line":107,"column":3}},"line":100},"8":{"name":"(anonymous_8)","decl":{"start":{"line":114,"column":2},"end":{"line":114,"column":3}},"loc":{"start":{"line":114,"column":43},"end":{"line":116,"column":3}},"line":114},"9":{"name":"(anonymous_9)","decl":{"start":{"line":122,"column":2},"end":{"line":122,"column":3}},"loc":{"start":{"line":122,"column":41},"end":{"line":129,"column":3}},"line":122},"10":{"name":"(anonymous_10)","decl":{"start":{"line":141,"column":2},"end":{"line":141,"column":3}},"loc":{"start":{"line":141,"column":34},"end":{"line":148,"column":3}},"line":141},"11":{"name":"(anonymous_11)","decl":{"start":{"line":150,"column":2},"end":{"line":150,"column":3}},"loc":{"start":{"line":150,"column":22},"end":{"line":153,"column":3}},"line":150}},"branchMap":{"0":{"loc":{"start":{"line":83,"column":4},"end":{"line":93,"column":5}},"type":"if","locations":[{"start":{"line":83,"column":4},"end":{"line":93,"column":5}},{"start":{"line":85,"column":11},"end":{"line":93,"column":5}}],"line":83},"1":{"loc":{"start":{"line":85,"column":11},"end":{"line":93,"column":5}},"type":"if","locations":[{"start":{"line":85,"column":11},"end":{"line":93,"column":5}},{"start":{"line":87,"column":11},"end":{"line":93,"column":5}}],"line":85},"2":{"loc":{"start":{"line":87,"column":11},"end":{"line":93,"column":5}},"type":"if","locations":[{"start":{"line":87,"column":11},"end":{"line":93,"column":5}},{"start":{"line":89,"column":11},"end":{"line":93,"column":5}}],"line":87},"3":{"loc":{"start":{"line":89,"column":11},"end":{"line":93,"column":5}},"type":"if","locations":[{"start":{"line":89,"column":11},"end":{"line":93,"column":5}},{"start":{"line":91,"column":11},"end":{"line":93,"column":5}}],"line":89},"4":{"loc":{"start":{"line":102,"column":4},"end":{"line":105,"column":5}},"type":"if","locations":[{"start":{"line":102,"column":4},"end":{"line":105,"column":5}},{"start":{},"end":{}}],"line":102},"5":{"loc":{"start":{"line":142,"column":26},"end":{"line":142,"column":42}},"type":"cond-expr","locations":[{"start":{"line":142,"column":34},"end":{"line":142,"column":36}},{"start":{"line":142,"column":39},"end":{"line":142,"column":42}}],"line":142}},"s":{"0":2,"1":2,"2":2,"3":2,"4":2,"5":2,"6":20,"7":20,"8":20,"9":14,"10":4,"11":4,"12":3,"13":1,"14":1,"15":1,"16":1,"17":1,"18":0,"19":1,"20":1,"21":1,"22":1,"23":1,"24":1,"25":1,"26":1,"27":0,"28":5,"29":1,"30":4,"31":1,"32":3,"33":1,"34":2,"35":1,"36":1,"37":2,"38":2,"39":1,"40":1,"41":2,"42":1,"43":1,"44":1,"45":1,"46":1,"47":1,"48":1,"49":3,"50":3,"51":3,"52":3,"53":1,"54":1,"55":2},"f":{"0":20,"1":14,"2":4,"3":3,"4":1,"5":1,"6":5,"7":2,"8":1,"9":1,"10":3,"11":1},"b":{"0":[1,4],"1":[1,3],"2":[1,2],"3":[1,1],"4":[1,1],"5":[2,1]},"_coverageSchema":"1a1c01bbd47fc00a2c39e90264f33305004495a9","hash":"e94440e21d2ff4b656788d62632f204404498d88"}
,"C:\\Code_H2023\\LOG2440\\Labos\\tp5-2152067-2104683-2180845\\server\\services\\search_bar.service.js": {"path":"C:\\Code_H2023\\LOG2440\\Labos\\tp5-2152067-2104683-2180845\\server\\services\\search_bar.service.js","statementMap":{"0":{"start":{"line":3,"column":4},"end":{"line":3,"column":37}},"1":{"start":{"line":4,"column":4},"end":{"line":4,"column":43}},"2":{"start":{"line":8,"column":18},"end":{"line":8,"column":73}},"3":{"start":{"line":9,"column":22},"end":{"line":9,"column":80}},"4":{"start":{"line":10,"column":4},"end":{"line":10,"column":32}},"5":{"start":{"line":14,"column":0},"end":{"line":14,"column":38}}},"fnMap":{"0":{"name":"(anonymous_0)","decl":{"start":{"line":2,"column":2},"end":{"line":2,"column":3}},"loc":{"start":{"line":2,"column":46},"end":{"line":5,"column":3}},"line":2},"1":{"name":"(anonymous_1)","decl":{"start":{"line":7,"column":2},"end":{"line":7,"column":3}},"loc":{"start":{"line":7,"column":41},"end":{"line":11,"column":3}},"line":7}},"branchMap":{},"s":{"0":2,"1":2,"2":2,"3":2,"4":2,"5":1},"f":{"0":2,"1":2},"b":{},"_coverageSchema":"1a1c01bbd47fc00a2c39e90264f33305004495a9","hash":"7c74b20e9c60fc40902b4f2be2a8f7e88d0c3437"}
,"C:\\Code_H2023\\LOG2440\\Labos\\tp5-2152067-2104683-2180845\\server\\services\\songs.service.js": {"path":"C:\\Code_H2023\\LOG2440\\Labos\\tp5-2152067-2104683-2180845\\server\\services\\songs.service.js","statementMap":{"0":{"start":{"line":1,"column":30},"end":{"line":1,"column":62}},"1":{"start":{"line":2,"column":22},"end":{"line":2,"column":51}},"2":{"start":{"line":3,"column":18},"end":{"line":3,"column":41}},"3":{"start":{"line":5,"column":13},"end":{"line":5,"column":28}},"4":{"start":{"line":9,"column":4},"end":{"line":9,"column":68}},"5":{"start":{"line":10,"column":4},"end":{"line":10,"column":53}},"6":{"start":{"line":11,"column":4},"end":{"line":11,"column":31}},"7":{"start":{"line":15,"column":4},"end":{"line":15,"column":71}},"8":{"start":{"line":25,"column":18},"end":{"line":25,"column":58}},"9":{"start":{"line":26,"column":4},"end":{"line":26,"column":17}},"10":{"start":{"line":37,"column":4},"end":{"line":37,"column":68}},"11":{"start":{"line":48,"column":15},"end":{"line":48,"column":17}},"12":{"start":{"line":49,"column":4},"end":{"line":58,"column":5}},"13":{"start":{"line":50,"column":6},"end":{"line":50,"column":40}},"14":{"start":{"line":51,"column":21},"end":{"line":51,"column":30}},"15":{"start":{"line":52,"column":21},"end":{"line":52,"column":51}},"16":{"start":{"line":53,"column":6},"end":{"line":53,"column":54}},"17":{"start":{"line":54,"column":6},"end":{"line":54,"column":47}},"18":{"start":{"line":57,"column":5},"end":{"line":57,"column":24}},"19":{"start":{"line":59,"column":4},"end":{"line":59,"column":23}},"20":{"start":{"line":73,"column":26},"end":{"line":73,"column":42}},"21":{"start":{"line":74,"column":19},"end":{"line":77,"column":18}},"22":{"start":{"line":78,"column":18},"end":{"line":78,"column":71}},"23":{"start":{"line":79,"column":4},"end":{"line":79,"column":17}},"24":{"start":{"line":83,"column":18},"end":{"line":83,"column":89}},"25":{"start":{"line":84,"column":4},"end":{"line":84,"column":74}},"26":{"start":{"line":88,"column":0},"end":{"line":88,"column":33}}},"fnMap":{"0":{"name":"(anonymous_0)","decl":{"start":{"line":8,"column":2},"end":{"line":8,"column":3}},"loc":{"start":{"line":8,"column":17},"end":{"line":12,"column":3}},"line":8},"1":{"name":"(anonymous_1)","decl":{"start":{"line":14,"column":2},"end":{"line":14,"column":3}},"loc":{"start":{"line":14,"column":20},"end":{"line":16,"column":3}},"line":14},"2":{"name":"(anonymous_2)","decl":{"start":{"line":24,"column":2},"end":{"line":24,"column":3}},"loc":{"start":{"line":24,"column":23},"end":{"line":27,"column":3}},"line":24},"3":{"name":"(anonymous_3)","decl":{"start":{"line":36,"column":2},"end":{"line":36,"column":3}},"loc":{"start":{"line":36,"column":25},"end":{"line":38,"column":3}},"line":36},"4":{"name":"(anonymous_4)","decl":{"start":{"line":47,"column":2},"end":{"line":47,"column":3}},"loc":{"start":{"line":47,"column":28},"end":{"line":60,"column":3}},"line":47},"5":{"name":"(anonymous_5)","decl":{"start":{"line":72,"column":2},"end":{"line":72,"column":3}},"loc":{"start":{"line":72,"column":34},"end":{"line":80,"column":3}},"line":72},"6":{"name":"(anonymous_6)","decl":{"start":{"line":82,"column":2},"end":{"line":82,"column":3}},"loc":{"start":{"line":82,"column":22},"end":{"line":85,"column":3}},"line":82}},"branchMap":{"0":{"loc":{"start":{"line":73,"column":26},"end":{"line":73,"column":42}},"type":"cond-expr","locations":[{"start":{"line":73,"column":34},"end":{"line":73,"column":36}},{"start":{"line":73,"column":39},"end":{"line":73,"column":42}}],"line":73}},"s":{"0":2,"1":2,"2":2,"3":2,"4":10,"5":10,"6":10,"7":14,"8":1,"9":1,"10":7,"11":3,"12":3,"13":3,"14":3,"15":3,"16":3,"17":3,"18":0,"19":3,"20":3,"21":3,"22":3,"23":3,"24":1,"25":1,"26":2},"f":{"0":10,"1":14,"2":1,"3":7,"4":3,"5":3,"6":1},"b":{"0":[2,1]},"_coverageSchema":"1a1c01bbd47fc00a2c39e90264f33305004495a9","hash":"3573ac6fb95f1eb8094a1b45c3fd911eafb022f7"}
}
