TN:
SF:services\database.service.js
FN:10,(anonymous_0)
FN:25,(anonymous_1)
FNF:2
FNH:2
FNDA:2,(anonymous_0)
FNDA:30,(anonymous_1)
DA:1,4
DA:2,4
DA:11,2
DA:12,2
DA:13,2
DA:15,1
DA:16,1
DA:20,0
DA:26,30
DA:27,30
DA:31,29
DA:32,29
DA:34,29
DA:37,1
DA:42,4
DA:44,4
LF:16
LH:15
BRDA:13,0,0,1
BRDA:13,0,1,1
BRF:2
BRH:2
end_of_record
TN:
SF:services\file_system_manager.js
FN:9,(anonymous_0)
FNF:1
FNH:1
FNDA:2,(anonymous_0)
DA:1,3
DA:10,2
DA:14,3
LF:3
LH:3
BRF:0
BRH:0
end_of_record
TN:
SF:services\playlist.service.js
FN:9,(anonymous_0)
FN:15,(anonymous_1)
FN:24,(anonymous_2)
FN:35,(anonymous_3)
FN:45,(anonymous_4)
FN:63,(anonymous_5)
FN:82,(anonymous_6)
FN:100,(anonymous_7)
FN:114,(anonymous_8)
FN:122,(anonymous_9)
FN:141,(anonymous_10)
FN:150,(anonymous_11)
FNF:12
FNH:12
FNDA:20,(anonymous_0)
FNDA:14,(anonymous_1)
FNDA:4,(anonymous_2)
FNDA:3,(anonymous_3)
FNDA:1,(anonymous_4)
FNDA:1,(anonymous_5)
FNDA:5,(anonymous_6)
FNDA:2,(anonymous_7)
FNDA:1,(anonymous_8)
FNDA:1,(anonymous_9)
FNDA:3,(anonymous_10)
FNDA:1,(anonymous_11)
DA:1,2
DA:2,2
DA:3,2
DA:4,2
DA:5,2
DA:6,2
DA:10,20
DA:11,20
DA:12,20
DA:16,14
DA:25,4
DA:26,4
DA:36,3
DA:46,1
DA:47,1
DA:48,1
DA:49,1
DA:50,1
DA:53,0
DA:55,1
DA:64,1
DA:65,1
DA:66,1
DA:67,1
DA:68,1
DA:69,1
DA:70,1
DA:73,0
DA:83,5
DA:84,1
DA:85,4
DA:86,1
DA:87,3
DA:88,1
DA:89,2
DA:90,1
DA:92,1
DA:101,2
DA:102,2
DA:103,1
DA:104,1
DA:106,2
DA:115,1
DA:123,1
DA:124,1
DA:125,1
DA:126,1
DA:127,1
DA:128,1
DA:142,3
DA:143,3
DA:146,3
DA:147,3
DA:151,1
DA:152,1
DA:155,2
LF:56
LH:54
BRDA:83,0,0,1
BRDA:83,0,1,4
BRDA:85,1,0,1
BRDA:85,1,1,3
BRDA:87,2,0,1
BRDA:87,2,1,2
BRDA:89,3,0,1
BRDA:89,3,1,1
BRDA:102,4,0,1
BRDA:102,4,1,1
BRDA:142,5,0,2
BRDA:142,5,1,1
BRF:12
BRH:12
end_of_record
TN:
SF:services\search_bar.service.js
FN:2,(anonymous_0)
FN:7,(anonymous_1)
FNF:2
FNH:2
FNDA:2,(anonymous_0)
FNDA:2,(anonymous_1)
DA:3,2
DA:4,2
DA:8,2
DA:9,2
DA:10,2
DA:14,1
LF:6
LH:6
BRF:0
BRH:0
end_of_record
TN:
SF:services\songs.service.js
FN:8,(anonymous_0)
FN:14,(anonymous_1)
FN:24,(anonymous_2)
FN:36,(anonymous_3)
FN:47,(anonymous_4)
FN:72,(anonymous_5)
FN:82,(anonymous_6)
FNF:7
FNH:7
FNDA:10,(anonymous_0)
FNDA:14,(anonymous_1)
FNDA:1,(anonymous_2)
FNDA:7,(anonymous_3)
FNDA:3,(anonymous_4)
FNDA:3,(anonymous_5)
FNDA:1,(anonymous_6)
DA:1,2
DA:2,2
DA:3,2
DA:5,2
DA:9,10
DA:10,10
DA:11,10
DA:15,14
DA:25,1
DA:26,1
DA:37,7
DA:48,3
DA:49,3
DA:50,3
DA:51,3
DA:52,3
DA:53,3
DA:54,3
DA:57,0
DA:59,3
DA:73,3
DA:74,3
DA:78,3
DA:79,3
DA:83,1
DA:84,1
DA:88,2
LF:27
LH:26
BRDA:73,0,0,2
BRDA:73,0,1,1
BRF:2
BRH:2
end_of_record
